x264 configure script
Command line options: "--prefix=/home/banketree/Tree/libx264-android-master/jni/../libs/armeabi-v7a" "--host=arm-linux-androideabi" "--sysroot=/home/banketree/arm/sysroot" "--cross-prefix=/home/banketree/arm/bin/arm-linux-androideabi-" "--extra-cflags=-march=armv7-a" "-mfloat-abi=softfp" "-mfpu=neon" "-mthumb" "-D__ANDROID__" "-D__ARM_ARCH_7__" "-D__ARM_ARCH_7A__" "-D__ARM_ARCH_7R__" "-D__ARM_ARCH_7M__" "-D__ARM_ARCH_7S__" "--extra-ldflags=-nostdlib" "--enable-pic" "--enable-static" "--enable-strip" "--disable-cli" "--disable-win32thread" "--disable-avs" "--disable-swscale" "--disable-lavf" "--disable-ffms" "--disable-gpac" "--disable-lsmash"

checking whether /home/banketree/arm/bin/arm-linux-androideabi-gcc works... yes
checking whether /home/banketree/arm/bin/arm-linux-androideabi-gcc supports for( int i = 0; i < 9; i++ ); with -std=gnu99... yes
checking whether /home/banketree/arm/bin/arm-linux-androideabi-gcc supports __asm__("rev ip, ip");... yes
checking whether /home/banketree/arm/bin/arm-linux-androideabi-gcc supports __asm__("movt r0, #0");... yes
checking whether /home/banketree/arm/bin/arm-linux-androideabi-gcc supports __asm__("vadd.i16 q0, q0, q0");... yes
checking whether /home/banketree/arm/bin/arm-linux-androideabi-gcc supports .func test
.endfunc... yes
checking for pthread_create(0,0,0,0); in pthread.h... yes
checking for return log2f(2); in math.h... no
Failed commandline was:
--------------------------------------------------
/home/banketree/arm/bin/arm-linux-androideabi-gcc conftest.c  -Wall -I. -I$(SRCPATH) --sysroot=/home/banketree/arm/sysroot -march=armv7-a -mfloat-abi=softfp -mfpu=neon -mthumb -D__ANDROID__ -D__ARM_ARCH_7__ -D__ARM_ARCH_7A__ -D__ARM_ARCH_7R__ -D__ARM_ARCH_7M__ -D__ARM_ARCH_7S__ -std=gnu99 -D_GNU_SOURCE  -Werror   --sysroot=/home/banketree/arm/sysroot -nostdlib -lm -lpthread -o conftest
/home/banketree/arm/bin/../lib/gcc/arm-linux-androideabi/4.8/../../../../arm-linux-androideabi/bin/ld: error: cannot find -lpthread
collect2: error: ld returned 1 exit status
--------------------------------------------------
Failed program was:
--------------------------------------------------
#include <math.h>
int main (void) { return log2f(2); return 0; }
--------------------------------------------------
checking whether defined(MAP_PRIVATE) is true... yes
checking for uint32_t test_vec __attribute__ ((vector_size (16))) = {0,1,2,3}; in stdint.h... no
Failed commandline was:
--------------------------------------------------
/home/banketree/arm/bin/arm-linux-androideabi-gcc conftest.c  -Wall -I. -I$(SRCPATH) --sysroot=/home/banketree/arm/sysroot -march=armv7-a -mfloat-abi=softfp -mfpu=neon -mthumb -D__ANDROID__ -D__ARM_ARCH_7__ -D__ARM_ARCH_7A__ -D__ARM_ARCH_7R__ -D__ARM_ARCH_7M__ -D__ARM_ARCH_7S__ -std=gnu99 -D_GNU_SOURCE     --sysroot=/home/banketree/arm/sysroot -nostdlib -lm -lpthread -o conftest
conftest.c: In function 'main':
conftest.c:2:28: warning: unused variable 'test_vec' [-Wunused-variable]
 int main (void) { uint32_t test_vec __attribute__ ((vector_size (16))) = {0,1,2,3}; return 0; }
                            ^
/home/banketree/arm/bin/../lib/gcc/arm-linux-androideabi/4.8/../../../../arm-linux-androideabi/bin/ld: error: cannot find -lpthread
collect2: error: ld returned 1 exit status
--------------------------------------------------
Failed program was:
--------------------------------------------------
#include <stdint.h>
int main (void) { uint32_t test_vec __attribute__ ((vector_size (16))) = {0,1,2,3}; return 0; }
--------------------------------------------------
checking for stdio.h... no
Failed commandline was:
--------------------------------------------------
/home/banketree/arm/bin/arm-linux-androideabi-gcc conftest.c  -Wall -I. -I$(SRCPATH) --sysroot=/home/banketree/arm/sysroot -march=armv7-a -mfloat-abi=softfp -mfpu=neon -mthumb -D__ANDROID__ -D__ARM_ARCH_7__ -D__ARM_ARCH_7A__ -D__ARM_ARCH_7R__ -D__ARM_ARCH_7M__ -D__ARM_ARCH_7S__ -std=gnu99 -D_GNU_SOURCE -fPIC  -shared -Wl,-Bsymbolic   --sysroot=/home/banketree/arm/sysroot -nostdlib -lm -lpthread -o conftest
/home/banketree/arm/bin/../lib/gcc/arm-linux-androideabi/4.8/../../../../arm-linux-androideabi/bin/ld: error: cannot find -lpthread
collect2: error: ld returned 1 exit status
--------------------------------------------------
Failed program was:
--------------------------------------------------
#include <stdio.h>
int main (void) {  return 0; }
--------------------------------------------------
checking for -fno-tree-vectorize... no
Failed commandline was:
--------------------------------------------------
/home/banketree/arm/bin/arm-linux-androideabi-gcc conftest.c -O3 -ffast-math  -Wall -I. -I$(SRCPATH) --sysroot=/home/banketree/arm/sysroot -march=armv7-a -mfloat-abi=softfp -mfpu=neon -mthumb -D__ANDROID__ -D__ARM_ARCH_7__ -D__ARM_ARCH_7A__ -D__ARM_ARCH_7R__ -D__ARM_ARCH_7M__ -D__ARM_ARCH_7S__ -std=gnu99 -D_GNU_SOURCE -fPIC -fomit-frame-pointer  -fno-tree-vectorize   --sysroot=/home/banketree/arm/sysroot -nostdlib -lm -lpthread -s -o conftest
/home/banketree/arm/bin/../lib/gcc/arm-linux-androideabi/4.8/../../../../arm-linux-androideabi/bin/ld: error: cannot find -lpthread
collect2: error: ld returned 1 exit status
--------------------------------------------------
Failed program was:
--------------------------------------------------
int main (void) {  return 0; }
--------------------------------------------------
checking for fseeko(stdin,0,0); in stdio.h... no
Failed commandline was:
--------------------------------------------------
/home/banketree/arm/bin/arm-linux-androideabi-gcc conftest.c -O3 -ffast-math  -Wall -I. -I$(SRCPATH) --sysroot=/home/banketree/arm/sysroot -march=armv7-a -mfloat-abi=softfp -mfpu=neon -mthumb -D__ANDROID__ -D__ARM_ARCH_7__ -D__ARM_ARCH_7A__ -D__ARM_ARCH_7R__ -D__ARM_ARCH_7M__ -D__ARM_ARCH_7S__ -std=gnu99 -D_GNU_SOURCE -fPIC -fomit-frame-pointer     --sysroot=/home/banketree/arm/sysroot -nostdlib -lm -lpthread -s -o conftest
/home/banketree/arm/bin/../lib/gcc/arm-linux-androideabi/4.8/../../../../arm-linux-androideabi/bin/ld: error: cannot find -lpthread
/tmp/ccGEj2JT.o:conftest.c:function main: error: undefined reference to 'fseeko'
/tmp/ccGEj2JT.o:conftest.c:function main: error: undefined reference to '__sF'
collect2: error: ld returned 1 exit status
--------------------------------------------------
Failed program was:
--------------------------------------------------
#include <stdio.h>
int main (void) { fseeko(stdin,0,0); return 0; }
--------------------------------------------------
checking for fseeko64(stdin,0,0); in stdio.h... no
Failed commandline was:
--------------------------------------------------
/home/banketree/arm/bin/arm-linux-androideabi-gcc conftest.c -O3 -ffast-math  -Wall -I. -I$(SRCPATH) --sysroot=/home/banketree/arm/sysroot -march=armv7-a -mfloat-abi=softfp -mfpu=neon -mthumb -D__ANDROID__ -D__ARM_ARCH_7__ -D__ARM_ARCH_7A__ -D__ARM_ARCH_7R__ -D__ARM_ARCH_7M__ -D__ARM_ARCH_7S__ -std=gnu99 -D_GNU_SOURCE -fPIC -fomit-frame-pointer     --sysroot=/home/banketree/arm/sysroot -nostdlib -lm -lpthread -s -o conftest
conftest.c: In function 'main':
conftest.c:2:1: warning: implicit declaration of function 'fseeko64' [-Wimplicit-function-declaration]
 int main (void) { fseeko64(stdin,0,0); return 0; }
 ^
/home/banketree/arm/bin/../lib/gcc/arm-linux-androideabi/4.8/../../../../arm-linux-androideabi/bin/ld: error: cannot find -lpthread
/tmp/ccM5Fnf4.o:conftest.c:function main: error: undefined reference to 'fseeko64'
/tmp/ccM5Fnf4.o:conftest.c:function main: error: undefined reference to '__sF'
collect2: error: ld returned 1 exit status
--------------------------------------------------
Failed program was:
--------------------------------------------------
#include <stdio.h>
int main (void) { fseeko64(stdin,0,0); return 0; }
--------------------------------------------------
checking for _fseeki64(stdin,0,0); in stdio.h... no
Failed commandline was:
--------------------------------------------------
/home/banketree/arm/bin/arm-linux-androideabi-gcc conftest.c -O3 -ffast-math  -Wall -I. -I$(SRCPATH) --sysroot=/home/banketree/arm/sysroot -march=armv7-a -mfloat-abi=softfp -mfpu=neon -mthumb -D__ANDROID__ -D__ARM_ARCH_7__ -D__ARM_ARCH_7A__ -D__ARM_ARCH_7R__ -D__ARM_ARCH_7M__ -D__ARM_ARCH_7S__ -std=gnu99 -D_GNU_SOURCE -fPIC -fomit-frame-pointer     --sysroot=/home/banketree/arm/sysroot -nostdlib -lm -lpthread -s -o conftest
conftest.c: In function 'main':
conftest.c:2:1: warning: implicit declaration of function '_fseeki64' [-Wimplicit-function-declaration]
 int main (void) { _fseeki64(stdin,0,0); return 0; }
 ^
/home/banketree/arm/bin/../lib/gcc/arm-linux-androideabi/4.8/../../../../arm-linux-androideabi/bin/ld: error: cannot find -lpthread
/tmp/cckT0zxd.o:conftest.c:function main: error: undefined reference to '_fseeki64'
/tmp/cckT0zxd.o:conftest.c:function main: error: undefined reference to '__sF'
collect2: error: ld returned 1 exit status
--------------------------------------------------
Failed program was:
--------------------------------------------------
#include <stdio.h>
int main (void) { _fseeki64(stdin,0,0); return 0; }
--------------------------------------------------
checking for -Wshadow... no
Failed commandline was:
--------------------------------------------------
/home/banketree/arm/bin/arm-linux-androideabi-gcc conftest.c -O3 -ffast-math  -Wall -I. -I$(SRCPATH) --sysroot=/home/banketree/arm/sysroot -march=armv7-a -mfloat-abi=softfp -mfpu=neon -mthumb -D__ANDROID__ -D__ARM_ARCH_7__ -D__ARM_ARCH_7A__ -D__ARM_ARCH_7R__ -D__ARM_ARCH_7M__ -D__ARM_ARCH_7S__ -std=gnu99 -D_GNU_SOURCE -fPIC -fomit-frame-pointer  -Wshadow   --sysroot=/home/banketree/arm/sysroot -nostdlib -lm -lpthread -s -o conftest
/home/banketree/arm/bin/../lib/gcc/arm-linux-androideabi/4.8/../../../../arm-linux-androideabi/bin/ld: error: cannot find -lpthread
collect2: error: ld returned 1 exit status
--------------------------------------------------
Failed program was:
--------------------------------------------------
int main (void) {  return 0; }
--------------------------------------------------
checking for -Wmaybe-uninitialized... no
Failed commandline was:
--------------------------------------------------
/home/banketree/arm/bin/arm-linux-androideabi-gcc conftest.c -O3 -ffast-math  -Wall -I. -I$(SRCPATH) --sysroot=/home/banketree/arm/sysroot -march=armv7-a -mfloat-abi=softfp -mfpu=neon -mthumb -D__ANDROID__ -D__ARM_ARCH_7__ -D__ARM_ARCH_7A__ -D__ARM_ARCH_7R__ -D__ARM_ARCH_7M__ -D__ARM_ARCH_7S__ -std=gnu99 -D_GNU_SOURCE -fPIC -fomit-frame-pointer  -Wmaybe-uninitialized   --sysroot=/home/banketree/arm/sysroot -nostdlib -lm -lpthread -s -o conftest
/home/banketree/arm/bin/../lib/gcc/arm-linux-androideabi/4.8/../../../../arm-linux-androideabi/bin/ld: error: cannot find -lpthread
collect2: error: ld returned 1 exit status
--------------------------------------------------
Failed program was:
--------------------------------------------------
int main (void) {  return 0; }
--------------------------------------------------

platform:      ARM
byte order:    little-endian
system:        LINUX
cli:           no
libx264:       internal
shared:        no
static:        yes
asm:           yes
interlaced:    yes
avs:           no
lavf:          no
ffms:          no
mp4:           no
gpl:           yes
thread:        posix
opencl:        yes
filters:       crop select_every 
debug:         no
gprof:         no
strip:         yes
PIC:           yes
bit depth:     8
chroma format: all
